<?xml version="1.0" encoding="UTF-8"?>
<!-- Generated by org.testng.reporters.JUnitReportReporter -->
<testsuite hostname="DESKTOP-8K3QH5C" failures="0" tests="1" name="google_open.Google_Open" time="4.873" errors="0" timestamp="2022-01-13T16:04:23 CST" skipped="0">
  <testcase classname="google_open.Google_Open" name="openGoogle" time="4.873"/>
  <system-out/>
</testsuite> <!-- google_open.Google_Open -->
